2017-03-06 05:47:27 [::1][-][bptgttkglpbh8tpdjhma5vkgh6][error][yii\base\InvalidParamException] exception 'yii\base\InvalidParamException' with message 'Response content must not be an array.' in C:\wamp\www\repair\vendor\yiisoft\yii2\web\Response.php:1020
Stack trace:
#0 C:\wamp\www\repair\vendor\yiisoft\yii2\web\Response.php(313): yii\web\Response->prepare()
#1 C:\wamp\www\repair\vendor\yiisoft\yii2\base\Application.php(386): yii\web\Response->send()
#2 C:\wamp\www\repair\frontend\web\index.php(17): yii\base\Application->run()
#3 {main}
2017-03-06 05:47:27 [::1][-][bptgttkglpbh8tpdjhma5vkgh6][info][application] $_GET = [
    'r' => 'site/signup'
]

$_POST = [
    '_csrf-frontend' => 'RHY2b1BtTHh0AngnIh4aHAE1bxo6AR89DSlmPx45GDooMn1XGlktLQ=='
    'SignupForm' => [
        'username' => 'mushahidh'
        'email' => 'mushahidh224@gmail.com'
        'password' => 'mianwali'
    ]
    'signup-button' => ''
]

$_COOKIE = [
    '_identity' => '73f1c3ab5c9127f643eaa2181997e4de6acf4cd92a27cc1d0fd6e1f47f75b8d8a:2:{i:0;s:9:\"_identity\";i:1;s:21:\"[1,\"1233334\",2592000]\";}'
    'advanced-backend' => 'j23h4k14hn7aihbuo1ot07hip6'
    '_csrf-backend' => 'ebff05376ccdb6c9ca85aa37e0721e4cdc160afed18f289675bd0f4c4a2b475ba:2:{i:0;s:13:\"_csrf-backend\";i:1;s:32:\"MSvvHN2IRYlf0QZb9JCslm-AIcLzxm9H\";}'
    'PHPSESSID' => 'jngj5m3i09r5voh6c7tgh3fmv1'
    '_csrf' => '401cf76e3b3ce6b5eeaa6a3854869c1794908d7dc046067c3cde047cf2203c5da:2:{i:0;s:5:\"_csrf\";i:1;s:32:\"BuMqPsWyLk5VVJfSk2L9YxMtNMyloe2y\";}'
    'advanced-frontend' => 'bptgttkglpbh8tpdjhma5vkgh6'
    '_csrf-frontend' => 'cfcd66924280acd4a670735e7288e94ccf3d63de29d5006f38aa61dbe4ee2ecca:2:{i:0;s:14:\"_csrf-frontend\";i:1;s:32:\"0tNHrsVdECYujlSEI_PPNTTBlDK8J4aU\";}'
]

$_SESSION = [
    '__flash' => []
]

$_SERVER = [
    'HTTP_HOST' => 'localhost:8080'
    'HTTP_CONNECTION' => 'keep-alive'
    'CONTENT_LENGTH' => '206'
    'HTTP_CACHE_CONTROL' => 'max-age=0'
    'HTTP_ORIGIN' => 'http://localhost:8080'
    'HTTP_UPGRADE_INSECURE_REQUESTS' => '1'
    'HTTP_USER_AGENT' => 'Mozilla/5.0 (Windows NT 6.3; WOW64) AppleWebKit/537.36 (KHTML, like Gecko) Chrome/56.0.2924.87 Safari/537.36'
    'CONTENT_TYPE' => 'application/x-www-form-urlencoded'
    'HTTP_ACCEPT' => 'text/html,application/xhtml+xml,application/xml;q=0.9,image/webp,*/*;q=0.8'
    'HTTP_REFERER' => 'http://localhost:8080/repair/frontend/web/index.php?r=site%2Fsignup'
    'HTTP_ACCEPT_ENCODING' => 'gzip, deflate, br'
    'HTTP_ACCEPT_LANGUAGE' => 'en-US,en;q=0.8'
    'HTTP_COOKIE' => '_identity=73f1c3ab5c9127f643eaa2181997e4de6acf4cd92a27cc1d0fd6e1f47f75b8d8a%3A2%3A%7Bi%3A0%3Bs%3A9%3A%22_identity%22%3Bi%3A1%3Bs%3A21%3A%22%5B1%2C%221233334%22%2C2592000%5D%22%3B%7D; advanced-backend=j23h4k14hn7aihbuo1ot07hip6; _csrf-backend=ebff05376ccdb6c9ca85aa37e0721e4cdc160afed18f289675bd0f4c4a2b475ba%3A2%3A%7Bi%3A0%3Bs%3A13%3A%22_csrf-backend%22%3Bi%3A1%3Bs%3A32%3A%22MSvvHN2IRYlf0QZb9JCslm-AIcLzxm9H%22%3B%7D; PHPSESSID=jngj5m3i09r5voh6c7tgh3fmv1; _csrf=401cf76e3b3ce6b5eeaa6a3854869c1794908d7dc046067c3cde047cf2203c5da%3A2%3A%7Bi%3A0%3Bs%3A5%3A%22_csrf%22%3Bi%3A1%3Bs%3A32%3A%22BuMqPsWyLk5VVJfSk2L9YxMtNMyloe2y%22%3B%7D; advanced-frontend=bptgttkglpbh8tpdjhma5vkgh6; _csrf-frontend=cfcd66924280acd4a670735e7288e94ccf3d63de29d5006f38aa61dbe4ee2ecca%3A2%3A%7Bi%3A0%3Bs%3A14%3A%22_csrf-frontend%22%3Bi%3A1%3Bs%3A32%3A%220tNHrsVdECYujlSEI_PPNTTBlDK8J4aU%22%3B%7D'
    'PATH' => 'C:\\Program Files (x86)\\PC Connectivity Solution\\;C:\\ProgramData\\Oracle\\Java\\javapath;C:\\Oracle\\product\\11.2.0\\dbhome_1\\bin;D:\\Program Files (x86)\\Intel\\iCLS Client\\;C:\\Program Files\\Intel\\iCLS Client\\;C:\\Windows\\system32;C:\\Windows;C:\\Windows\\System32\\Wbem;C:\\Windows\\System32\\WindowsPowerShell\\v1.0\\;C:\\Program Files\\Intel\\Intel(R) Management Engine Components\\DAL;C:\\Program Files\\Intel\\Intel(R) Management Engine Components\\IPT;C:\\Program Files (x86)\\Intel\\Intel(R) Management Engine Components\\DAL;C:\\Program Files (x86)\\Intel\\Intel(R) Management Engine Components\\IPT;C:\\Program Files\\Microsoft\\Web Platform Installer\\;C:\\Program Files (x86)\\Microsoft ASP.NET\\ASP.NET Web Pages\\v1.0\\;C:\\Program Files (x86)\\Windows Kits\\8.0\\Windows Performance Toolkit\\;C:\\Program Files\\Microsoft SQL Server\\110\\Tools\\Binn\\;C:\\Program Files\\nodejs\\;C:\\wamp\\bin\\php\\php5.5.12;C:\\Program Files\\cURL\\bin;C:\\Program Files\\Java\\jre7\\bin;C:\\Program Files\\Java\\jdk1.7.0_25\\bin;C:\\Users\\Mushahid\\AppData\\Roaming\\npm\\node_modules;C:\\Users\\Mushahid\\AppData\\Roaming\\npm;C:\\Program Files\\nodejs\\node_modules\\npm\\bin;C:\\Program Files (x86)\\Microsoft SQL Server\\110\\Tools\\Binn\\ManagementStudio\\;C:\\Program Files (x86)\\Microsoft SQL Server\\110\\Tools\\Binn\\;C:\\Program Files (x86)\\Microsoft Visual Studio 11.0\\Common7\\IDE\\PrivateAssemblies\\;C:\\Program Files (x86)\\Microsoft SQL Server\\110\\DTS\\Binn\\;C:\\Program Files\\Microsoft SQL Server\\120\\DTS\\Binn\\;C:\\Program Files\\Microsoft SQL Server\\Client SDK\\ODBC\\110\\Tools\\Binn\\;C:\\Program Files (x86)\\Microsoft SQL Server\\120\\Tools\\Binn\\;C:\\Program Files\\Microsoft SQL Server\\120\\Tools\\Binn\\;C:\\Program Files (x86)\\Microsoft SQL Server\\120\\Tools\\Binn\\ManagementStudio\\;C:\\Program Files (x86)\\Microsoft SQL Server\\120\\DTS\\Binn\\;C:\\ProgramData\\ComposerSetup\\bin;C:\\Program Files\\MATLAB\\MATLAB Production Server\\R2015a\\bin;D:\\JM\\bin;C:\\MinGW\\bin;C:\\Qt\\5.5\\msvc2012\\bin;C:\\MinGW\\bin;D:\\Program Files\\ffmpeg\\bin;C:\\Program Files\\MiKTeX 2.9\\miktex\\bin\\x64\\;C:\\Program Files (x86)\\MySQL\\MySQL Server 5.5\\bin;C:\\Program Files (x86)\\Microsoft;C:\\Program Files (x86)\\Microsoft SQL Server Migration Assistant for MySQL\\bin\\;C:\\HashiCorp\\Vagrant\\bin;C:\\Program Files (x86)\\Skype\\Phone\\'
    'SystemRoot' => 'C:\\Windows'
    'COMSPEC' => 'C:\\Windows\\system32\\cmd.exe'
    'PATHEXT' => '.COM;.EXE;.BAT;.CMD;.VBS;.VBE;.JS;.JSE;.WSF;.WSH;.MSC'
    'WINDIR' => 'C:\\Windows'
    'SERVER_SIGNATURE' => '<address>Apache/2.4.9 (Win64) PHP/5.5.12 Server at localhost Port 8080</address>
'
    'SERVER_SOFTWARE' => 'Apache/2.4.9 (Win64) PHP/5.5.12'
    'SERVER_NAME' => 'localhost'
    'SERVER_ADDR' => '::1'
    'SERVER_PORT' => '8080'
    'REMOTE_ADDR' => '::1'
    'DOCUMENT_ROOT' => 'C:/wamp/www/'
    'REQUEST_SCHEME' => 'http'
    'CONTEXT_PREFIX' => ''
    'CONTEXT_DOCUMENT_ROOT' => 'C:/wamp/www/'
    'SERVER_ADMIN' => 'admin@example.com'
    'SCRIPT_FILENAME' => 'C:/wamp/www/repair/frontend/web/index.php'
    'REMOTE_PORT' => '1961'
    'GATEWAY_INTERFACE' => 'CGI/1.1'
    'SERVER_PROTOCOL' => 'HTTP/1.1'
    'REQUEST_METHOD' => 'POST'
    'QUERY_STRING' => 'r=site%2Fsignup'
    'REQUEST_URI' => '/repair/frontend/web/index.php?r=site%2Fsignup'
    'SCRIPT_NAME' => '/repair/frontend/web/index.php'
    'PHP_SELF' => '/repair/frontend/web/index.php'
    'REQUEST_TIME_FLOAT' => 1488775647.125
    'REQUEST_TIME' => 1488775647
]
2017-03-06 05:57:34 [::1][-][bptgttkglpbh8tpdjhma5vkgh6][error][yii\base\UnknownPropertyException] exception 'yii\base\UnknownPropertyException' with message 'Getting unknown property: frontend\models\SignupForm::errros' in C:\wamp\www\repair\vendor\yiisoft\yii2\base\Component.php:147
Stack trace:
#0 C:\wamp\www\repair\frontend\controllers\SiteController.php(162): yii\base\Component->__get('errros')
#1 [internal function]: frontend\controllers\SiteController->actionSignup()
#2 C:\wamp\www\repair\vendor\yiisoft\yii2\base\InlineAction.php(57): call_user_func_array(Array, Array)
#3 C:\wamp\www\repair\vendor\yiisoft\yii2\base\Controller.php(156): yii\base\InlineAction->runWithParams(Array)
#4 C:\wamp\www\repair\vendor\yiisoft\yii2\base\Module.php(523): yii\base\Controller->runAction('signup', Array)
#5 C:\wamp\www\repair\vendor\yiisoft\yii2\web\Application.php(102): yii\base\Module->runAction('site/signup', Array)
#6 C:\wamp\www\repair\vendor\yiisoft\yii2\base\Application.php(380): yii\web\Application->handleRequest(Object(yii\web\Request))
#7 C:\wamp\www\repair\frontend\web\index.php(17): yii\base\Application->run()
#8 {main}
2017-03-06 05:57:34 [::1][-][bptgttkglpbh8tpdjhma5vkgh6][info][application] $_GET = [
    'r' => 'site/signup'
]

$_COOKIE = [
    '_identity' => '73f1c3ab5c9127f643eaa2181997e4de6acf4cd92a27cc1d0fd6e1f47f75b8d8a:2:{i:0;s:9:\"_identity\";i:1;s:21:\"[1,\"1233334\",2592000]\";}'
    'advanced-backend' => 'j23h4k14hn7aihbuo1ot07hip6'
    '_csrf-backend' => 'ebff05376ccdb6c9ca85aa37e0721e4cdc160afed18f289675bd0f4c4a2b475ba:2:{i:0;s:13:\"_csrf-backend\";i:1;s:32:\"MSvvHN2IRYlf0QZb9JCslm-AIcLzxm9H\";}'
    'PHPSESSID' => 'jngj5m3i09r5voh6c7tgh3fmv1'
    '_csrf' => '401cf76e3b3ce6b5eeaa6a3854869c1794908d7dc046067c3cde047cf2203c5da:2:{i:0;s:5:\"_csrf\";i:1;s:32:\"BuMqPsWyLk5VVJfSk2L9YxMtNMyloe2y\";}'
    'advanced-frontend' => 'bptgttkglpbh8tpdjhma5vkgh6'
    '_csrf-frontend' => 'cfcd66924280acd4a670735e7288e94ccf3d63de29d5006f38aa61dbe4ee2ecca:2:{i:0;s:14:\"_csrf-frontend\";i:1;s:32:\"0tNHrsVdECYujlSEI_PPNTTBlDK8J4aU\";}'
]

$_SESSION = [
    '__flash' => []
]

$_SERVER = [
    'HTTP_HOST' => 'localhost:8080'
    'HTTP_CONNECTION' => 'keep-alive'
    'HTTP_CACHE_CONTROL' => 'max-age=0'
    'HTTP_UPGRADE_INSECURE_REQUESTS' => '1'
    'HTTP_USER_AGENT' => 'Mozilla/5.0 (Windows NT 6.3; WOW64) AppleWebKit/537.36 (KHTML, like Gecko) Chrome/56.0.2924.87 Safari/537.36'
    'HTTP_ACCEPT' => 'text/html,application/xhtml+xml,application/xml;q=0.9,image/webp,*/*;q=0.8'
    'HTTP_ACCEPT_ENCODING' => 'gzip, deflate, sdch, br'
    'HTTP_ACCEPT_LANGUAGE' => 'en-US,en;q=0.8'
    'HTTP_COOKIE' => '_identity=73f1c3ab5c9127f643eaa2181997e4de6acf4cd92a27cc1d0fd6e1f47f75b8d8a%3A2%3A%7Bi%3A0%3Bs%3A9%3A%22_identity%22%3Bi%3A1%3Bs%3A21%3A%22%5B1%2C%221233334%22%2C2592000%5D%22%3B%7D; advanced-backend=j23h4k14hn7aihbuo1ot07hip6; _csrf-backend=ebff05376ccdb6c9ca85aa37e0721e4cdc160afed18f289675bd0f4c4a2b475ba%3A2%3A%7Bi%3A0%3Bs%3A13%3A%22_csrf-backend%22%3Bi%3A1%3Bs%3A32%3A%22MSvvHN2IRYlf0QZb9JCslm-AIcLzxm9H%22%3B%7D; PHPSESSID=jngj5m3i09r5voh6c7tgh3fmv1; _csrf=401cf76e3b3ce6b5eeaa6a3854869c1794908d7dc046067c3cde047cf2203c5da%3A2%3A%7Bi%3A0%3Bs%3A5%3A%22_csrf%22%3Bi%3A1%3Bs%3A32%3A%22BuMqPsWyLk5VVJfSk2L9YxMtNMyloe2y%22%3B%7D; advanced-frontend=bptgttkglpbh8tpdjhma5vkgh6; _csrf-frontend=cfcd66924280acd4a670735e7288e94ccf3d63de29d5006f38aa61dbe4ee2ecca%3A2%3A%7Bi%3A0%3Bs%3A14%3A%22_csrf-frontend%22%3Bi%3A1%3Bs%3A32%3A%220tNHrsVdECYujlSEI_PPNTTBlDK8J4aU%22%3B%7D'
    'PATH' => 'C:\\Program Files (x86)\\PC Connectivity Solution\\;C:\\ProgramData\\Oracle\\Java\\javapath;C:\\Oracle\\product\\11.2.0\\dbhome_1\\bin;D:\\Program Files (x86)\\Intel\\iCLS Client\\;C:\\Program Files\\Intel\\iCLS Client\\;C:\\Windows\\system32;C:\\Windows;C:\\Windows\\System32\\Wbem;C:\\Windows\\System32\\WindowsPowerShell\\v1.0\\;C:\\Program Files\\Intel\\Intel(R) Management Engine Components\\DAL;C:\\Program Files\\Intel\\Intel(R) Management Engine Components\\IPT;C:\\Program Files (x86)\\Intel\\Intel(R) Management Engine Components\\DAL;C:\\Program Files (x86)\\Intel\\Intel(R) Management Engine Components\\IPT;C:\\Program Files\\Microsoft\\Web Platform Installer\\;C:\\Program Files (x86)\\Microsoft ASP.NET\\ASP.NET Web Pages\\v1.0\\;C:\\Program Files (x86)\\Windows Kits\\8.0\\Windows Performance Toolkit\\;C:\\Program Files\\Microsoft SQL Server\\110\\Tools\\Binn\\;C:\\Program Files\\nodejs\\;C:\\wamp\\bin\\php\\php5.5.12;C:\\Program Files\\cURL\\bin;C:\\Program Files\\Java\\jre7\\bin;C:\\Program Files\\Java\\jdk1.7.0_25\\bin;C:\\Users\\Mushahid\\AppData\\Roaming\\npm\\node_modules;C:\\Users\\Mushahid\\AppData\\Roaming\\npm;C:\\Program Files\\nodejs\\node_modules\\npm\\bin;C:\\Program Files (x86)\\Microsoft SQL Server\\110\\Tools\\Binn\\ManagementStudio\\;C:\\Program Files (x86)\\Microsoft SQL Server\\110\\Tools\\Binn\\;C:\\Program Files (x86)\\Microsoft Visual Studio 11.0\\Common7\\IDE\\PrivateAssemblies\\;C:\\Program Files (x86)\\Microsoft SQL Server\\110\\DTS\\Binn\\;C:\\Program Files\\Microsoft SQL Server\\120\\DTS\\Binn\\;C:\\Program Files\\Microsoft SQL Server\\Client SDK\\ODBC\\110\\Tools\\Binn\\;C:\\Program Files (x86)\\Microsoft SQL Server\\120\\Tools\\Binn\\;C:\\Program Files\\Microsoft SQL Server\\120\\Tools\\Binn\\;C:\\Program Files (x86)\\Microsoft SQL Server\\120\\Tools\\Binn\\ManagementStudio\\;C:\\Program Files (x86)\\Microsoft SQL Server\\120\\DTS\\Binn\\;C:\\ProgramData\\ComposerSetup\\bin;C:\\Program Files\\MATLAB\\MATLAB Production Server\\R2015a\\bin;D:\\JM\\bin;C:\\MinGW\\bin;C:\\Qt\\5.5\\msvc2012\\bin;C:\\MinGW\\bin;D:\\Program Files\\ffmpeg\\bin;C:\\Program Files\\MiKTeX 2.9\\miktex\\bin\\x64\\;C:\\Program Files (x86)\\MySQL\\MySQL Server 5.5\\bin;C:\\Program Files (x86)\\Microsoft;C:\\Program Files (x86)\\Microsoft SQL Server Migration Assistant for MySQL\\bin\\;C:\\HashiCorp\\Vagrant\\bin;C:\\Program Files (x86)\\Skype\\Phone\\'
    'SystemRoot' => 'C:\\Windows'
    'COMSPEC' => 'C:\\Windows\\system32\\cmd.exe'
    'PATHEXT' => '.COM;.EXE;.BAT;.CMD;.VBS;.VBE;.JS;.JSE;.WSF;.WSH;.MSC'
    'WINDIR' => 'C:\\Windows'
    'SERVER_SIGNATURE' => '<address>Apache/2.4.9 (Win64) PHP/5.5.12 Server at localhost Port 8080</address>
'
    'SERVER_SOFTWARE' => 'Apache/2.4.9 (Win64) PHP/5.5.12'
    'SERVER_NAME' => 'localhost'
    'SERVER_ADDR' => '::1'
    'SERVER_PORT' => '8080'
    'REMOTE_ADDR' => '::1'
    'DOCUMENT_ROOT' => 'C:/wamp/www/'
    'REQUEST_SCHEME' => 'http'
    'CONTEXT_PREFIX' => ''
    'CONTEXT_DOCUMENT_ROOT' => 'C:/wamp/www/'
    'SERVER_ADMIN' => 'admin@example.com'
    'SCRIPT_FILENAME' => 'C:/wamp/www/repair/frontend/web/index.php'
    'REMOTE_PORT' => '2029'
    'GATEWAY_INTERFACE' => 'CGI/1.1'
    'SERVER_PROTOCOL' => 'HTTP/1.1'
    'REQUEST_METHOD' => 'GET'
    'QUERY_STRING' => 'r=site%2Fsignup'
    'REQUEST_URI' => '/repair/frontend/web/index.php?r=site%2Fsignup'
    'SCRIPT_NAME' => '/repair/frontend/web/index.php'
    'PHP_SELF' => '/repair/frontend/web/index.php'
    'REQUEST_TIME_FLOAT' => 1488776254.289
    'REQUEST_TIME' => 1488776254
]
2017-03-06 06:03:46 [::1][-][bptgttkglpbh8tpdjhma5vkgh6][error][yii\base\UnknownPropertyException] exception 'yii\base\UnknownPropertyException' with message 'Getting unknown property: frontend\models\SignupForm::erros' in C:\wamp\www\repair\vendor\yiisoft\yii2\base\Component.php:147
Stack trace:
#0 C:\wamp\www\repair\frontend\views\site\signup.php(20): yii\base\Component->__get('erros')
#1 C:\wamp\www\repair\vendor\yiisoft\yii2\base\View.php(328): require('C:\\wamp\\www\\rep...')
#2 C:\wamp\www\repair\vendor\yiisoft\yii2\base\View.php(250): yii\base\View->renderPhpFile('C:\\wamp\\www\\rep...', Array)
#3 C:\wamp\www\repair\vendor\yiisoft\yii2\base\View.php(152): yii\base\View->renderFile('C:\\wamp\\www\\rep...', Array, Object(frontend\controllers\SiteController))
#4 C:\wamp\www\repair\vendor\yiisoft\yii2\base\Controller.php(381): yii\base\View->render('signup', Array, Object(frontend\controllers\SiteController))
#5 C:\wamp\www\repair\frontend\controllers\SiteController.php(166): yii\base\Controller->render('signup', Array)
#6 [internal function]: frontend\controllers\SiteController->actionSignup()
#7 C:\wamp\www\repair\vendor\yiisoft\yii2\base\InlineAction.php(57): call_user_func_array(Array, Array)
#8 C:\wamp\www\repair\vendor\yiisoft\yii2\base\Controller.php(156): yii\base\InlineAction->runWithParams(Array)
#9 C:\wamp\www\repair\vendor\yiisoft\yii2\base\Module.php(523): yii\base\Controller->runAction('signup', Array)
#10 C:\wamp\www\repair\vendor\yiisoft\yii2\web\Application.php(102): yii\base\Module->runAction('site/signup', Array)
#11 C:\wamp\www\repair\vendor\yiisoft\yii2\base\Application.php(380): yii\web\Application->handleRequest(Object(yii\web\Request))
#12 C:\wamp\www\repair\frontend\web\index.php(17): yii\base\Application->run()
#13 {main}
2017-03-06 06:03:46 [::1][-][bptgttkglpbh8tpdjhma5vkgh6][info][application] $_GET = [
    'r' => 'site/signup'
]

$_COOKIE = [
    '_identity' => '73f1c3ab5c9127f643eaa2181997e4de6acf4cd92a27cc1d0fd6e1f47f75b8d8a:2:{i:0;s:9:\"_identity\";i:1;s:21:\"[1,\"1233334\",2592000]\";}'
    'advanced-backend' => 'j23h4k14hn7aihbuo1ot07hip6'
    '_csrf-backend' => 'ebff05376ccdb6c9ca85aa37e0721e4cdc160afed18f289675bd0f4c4a2b475ba:2:{i:0;s:13:\"_csrf-backend\";i:1;s:32:\"MSvvHN2IRYlf0QZb9JCslm-AIcLzxm9H\";}'
    'PHPSESSID' => 'jngj5m3i09r5voh6c7tgh3fmv1'
    '_csrf' => '401cf76e3b3ce6b5eeaa6a3854869c1794908d7dc046067c3cde047cf2203c5da:2:{i:0;s:5:\"_csrf\";i:1;s:32:\"BuMqPsWyLk5VVJfSk2L9YxMtNMyloe2y\";}'
    'advanced-frontend' => 'bptgttkglpbh8tpdjhma5vkgh6'
    '_csrf-frontend' => 'cfcd66924280acd4a670735e7288e94ccf3d63de29d5006f38aa61dbe4ee2ecca:2:{i:0;s:14:\"_csrf-frontend\";i:1;s:32:\"0tNHrsVdECYujlSEI_PPNTTBlDK8J4aU\";}'
]

$_SESSION = [
    '__flash' => []
]

$_SERVER = [
    'HTTP_HOST' => 'localhost:8080'
    'HTTP_CONNECTION' => 'keep-alive'
    'HTTP_CACHE_CONTROL' => 'max-age=0'
    'HTTP_UPGRADE_INSECURE_REQUESTS' => '1'
    'HTTP_USER_AGENT' => 'Mozilla/5.0 (Windows NT 6.3; WOW64) AppleWebKit/537.36 (KHTML, like Gecko) Chrome/56.0.2924.87 Safari/537.36'
    'HTTP_ACCEPT' => 'text/html,application/xhtml+xml,application/xml;q=0.9,image/webp,*/*;q=0.8'
    'HTTP_ACCEPT_ENCODING' => 'gzip, deflate, sdch, br'
    'HTTP_ACCEPT_LANGUAGE' => 'en-US,en;q=0.8'
    'HTTP_COOKIE' => '_identity=73f1c3ab5c9127f643eaa2181997e4de6acf4cd92a27cc1d0fd6e1f47f75b8d8a%3A2%3A%7Bi%3A0%3Bs%3A9%3A%22_identity%22%3Bi%3A1%3Bs%3A21%3A%22%5B1%2C%221233334%22%2C2592000%5D%22%3B%7D; advanced-backend=j23h4k14hn7aihbuo1ot07hip6; _csrf-backend=ebff05376ccdb6c9ca85aa37e0721e4cdc160afed18f289675bd0f4c4a2b475ba%3A2%3A%7Bi%3A0%3Bs%3A13%3A%22_csrf-backend%22%3Bi%3A1%3Bs%3A32%3A%22MSvvHN2IRYlf0QZb9JCslm-AIcLzxm9H%22%3B%7D; PHPSESSID=jngj5m3i09r5voh6c7tgh3fmv1; _csrf=401cf76e3b3ce6b5eeaa6a3854869c1794908d7dc046067c3cde047cf2203c5da%3A2%3A%7Bi%3A0%3Bs%3A5%3A%22_csrf%22%3Bi%3A1%3Bs%3A32%3A%22BuMqPsWyLk5VVJfSk2L9YxMtNMyloe2y%22%3B%7D; advanced-frontend=bptgttkglpbh8tpdjhma5vkgh6; _csrf-frontend=cfcd66924280acd4a670735e7288e94ccf3d63de29d5006f38aa61dbe4ee2ecca%3A2%3A%7Bi%3A0%3Bs%3A14%3A%22_csrf-frontend%22%3Bi%3A1%3Bs%3A32%3A%220tNHrsVdECYujlSEI_PPNTTBlDK8J4aU%22%3B%7D'
    'PATH' => 'C:\\Program Files (x86)\\PC Connectivity Solution\\;C:\\ProgramData\\Oracle\\Java\\javapath;C:\\Oracle\\product\\11.2.0\\dbhome_1\\bin;D:\\Program Files (x86)\\Intel\\iCLS Client\\;C:\\Program Files\\Intel\\iCLS Client\\;C:\\Windows\\system32;C:\\Windows;C:\\Windows\\System32\\Wbem;C:\\Windows\\System32\\WindowsPowerShell\\v1.0\\;C:\\Program Files\\Intel\\Intel(R) Management Engine Components\\DAL;C:\\Program Files\\Intel\\Intel(R) Management Engine Components\\IPT;C:\\Program Files (x86)\\Intel\\Intel(R) Management Engine Components\\DAL;C:\\Program Files (x86)\\Intel\\Intel(R) Management Engine Components\\IPT;C:\\Program Files\\Microsoft\\Web Platform Installer\\;C:\\Program Files (x86)\\Microsoft ASP.NET\\ASP.NET Web Pages\\v1.0\\;C:\\Program Files (x86)\\Windows Kits\\8.0\\Windows Performance Toolkit\\;C:\\Program Files\\Microsoft SQL Server\\110\\Tools\\Binn\\;C:\\Program Files\\nodejs\\;C:\\wamp\\bin\\php\\php5.5.12;C:\\Program Files\\cURL\\bin;C:\\Program Files\\Java\\jre7\\bin;C:\\Program Files\\Java\\jdk1.7.0_25\\bin;C:\\Users\\Mushahid\\AppData\\Roaming\\npm\\node_modules;C:\\Users\\Mushahid\\AppData\\Roaming\\npm;C:\\Program Files\\nodejs\\node_modules\\npm\\bin;C:\\Program Files (x86)\\Microsoft SQL Server\\110\\Tools\\Binn\\ManagementStudio\\;C:\\Program Files (x86)\\Microsoft SQL Server\\110\\Tools\\Binn\\;C:\\Program Files (x86)\\Microsoft Visual Studio 11.0\\Common7\\IDE\\PrivateAssemblies\\;C:\\Program Files (x86)\\Microsoft SQL Server\\110\\DTS\\Binn\\;C:\\Program Files\\Microsoft SQL Server\\120\\DTS\\Binn\\;C:\\Program Files\\Microsoft SQL Server\\Client SDK\\ODBC\\110\\Tools\\Binn\\;C:\\Program Files (x86)\\Microsoft SQL Server\\120\\Tools\\Binn\\;C:\\Program Files\\Microsoft SQL Server\\120\\Tools\\Binn\\;C:\\Program Files (x86)\\Microsoft SQL Server\\120\\Tools\\Binn\\ManagementStudio\\;C:\\Program Files (x86)\\Microsoft SQL Server\\120\\DTS\\Binn\\;C:\\ProgramData\\ComposerSetup\\bin;C:\\Program Files\\MATLAB\\MATLAB Production Server\\R2015a\\bin;D:\\JM\\bin;C:\\MinGW\\bin;C:\\Qt\\5.5\\msvc2012\\bin;C:\\MinGW\\bin;D:\\Program Files\\ffmpeg\\bin;C:\\Program Files\\MiKTeX 2.9\\miktex\\bin\\x64\\;C:\\Program Files (x86)\\MySQL\\MySQL Server 5.5\\bin;C:\\Program Files (x86)\\Microsoft;C:\\Program Files (x86)\\Microsoft SQL Server Migration Assistant for MySQL\\bin\\;C:\\HashiCorp\\Vagrant\\bin;C:\\Program Files (x86)\\Skype\\Phone\\'
    'SystemRoot' => 'C:\\Windows'
    'COMSPEC' => 'C:\\Windows\\system32\\cmd.exe'
    'PATHEXT' => '.COM;.EXE;.BAT;.CMD;.VBS;.VBE;.JS;.JSE;.WSF;.WSH;.MSC'
    'WINDIR' => 'C:\\Windows'
    'SERVER_SIGNATURE' => '<address>Apache/2.4.9 (Win64) PHP/5.5.12 Server at localhost Port 8080</address>
'
    'SERVER_SOFTWARE' => 'Apache/2.4.9 (Win64) PHP/5.5.12'
    'SERVER_NAME' => 'localhost'
    'SERVER_ADDR' => '::1'
    'SERVER_PORT' => '8080'
    'REMOTE_ADDR' => '::1'
    'DOCUMENT_ROOT' => 'C:/wamp/www/'
    'REQUEST_SCHEME' => 'http'
    'CONTEXT_PREFIX' => ''
    'CONTEXT_DOCUMENT_ROOT' => 'C:/wamp/www/'
    'SERVER_ADMIN' => 'admin@example.com'
    'SCRIPT_FILENAME' => 'C:/wamp/www/repair/frontend/web/index.php'
    'REMOTE_PORT' => '2093'
    'GATEWAY_INTERFACE' => 'CGI/1.1'
    'SERVER_PROTOCOL' => 'HTTP/1.1'
    'REQUEST_METHOD' => 'GET'
    'QUERY_STRING' => 'r=site%2Fsignup'
    'REQUEST_URI' => '/repair/frontend/web/index.php?r=site%2Fsignup'
    'SCRIPT_NAME' => '/repair/frontend/web/index.php'
    'PHP_SELF' => '/repair/frontend/web/index.php'
    'REQUEST_TIME_FLOAT' => 1488776626.487
    'REQUEST_TIME' => 1488776626
]
2017-03-06 06:06:05 [::1][-][-][error][yii\base\ErrorException:4] exception 'yii\base\ErrorException' with message 'syntax error, unexpected 'public' (T_PUBLIC)' in C:\wamp\www\repair\frontend\controllers\SiteController.php:173
Stack trace:
#0 [internal function]: yii\base\ErrorHandler->handleFatalError()
#1 {main}
2017-03-06 06:06:05 [::1][-][-][info][application] $_GET = [
    'r' => 'site/signup'
]

$_POST = [
    '_csrf-frontend' => 'RlBEOVNNS192JApxIT4dOwMTHUw5IRgaDw8UaR0ZHx0qFA8BGXkqCg=='
    'SignupForm' => [
        'username' => 'mushahidh'
        'email' => 'mushahidh224@gmail.com'
        'password' => 'mianwali'
    ]
    'signup-button' => ''
]

$_COOKIE = [
    '_identity' => '73f1c3ab5c9127f643eaa2181997e4de6acf4cd92a27cc1d0fd6e1f47f75b8d8a:2:{i:0;s:9:\"_identity\";i:1;s:21:\"[1,\"1233334\",2592000]\";}'
    'advanced-backend' => 'j23h4k14hn7aihbuo1ot07hip6'
    '_csrf-backend' => 'ebff05376ccdb6c9ca85aa37e0721e4cdc160afed18f289675bd0f4c4a2b475ba:2:{i:0;s:13:\"_csrf-backend\";i:1;s:32:\"MSvvHN2IRYlf0QZb9JCslm-AIcLzxm9H\";}'
    'PHPSESSID' => 'jngj5m3i09r5voh6c7tgh3fmv1'
    '_csrf' => '401cf76e3b3ce6b5eeaa6a3854869c1794908d7dc046067c3cde047cf2203c5da:2:{i:0;s:5:\"_csrf\";i:1;s:32:\"BuMqPsWyLk5VVJfSk2L9YxMtNMyloe2y\";}'
    'advanced-frontend' => 'bptgttkglpbh8tpdjhma5vkgh6'
    '_csrf-frontend' => 'cfcd66924280acd4a670735e7288e94ccf3d63de29d5006f38aa61dbe4ee2ecca:2:{i:0;s:14:\"_csrf-frontend\";i:1;s:32:\"0tNHrsVdECYujlSEI_PPNTTBlDK8J4aU\";}'
]

$_SERVER = [
    'HTTP_HOST' => 'localhost:8080'
    'HTTP_CONNECTION' => 'keep-alive'
    'CONTENT_LENGTH' => '206'
    'HTTP_CACHE_CONTROL' => 'max-age=0'
    'HTTP_ORIGIN' => 'http://localhost:8080'
    'HTTP_UPGRADE_INSECURE_REQUESTS' => '1'
    'HTTP_USER_AGENT' => 'Mozilla/5.0 (Windows NT 6.3; WOW64) AppleWebKit/537.36 (KHTML, like Gecko) Chrome/56.0.2924.87 Safari/537.36'
    'CONTENT_TYPE' => 'application/x-www-form-urlencoded'
    'HTTP_ACCEPT' => 'text/html,application/xhtml+xml,application/xml;q=0.9,image/webp,*/*;q=0.8'
    'HTTP_REFERER' => 'http://localhost:8080/repair/frontend/web/index.php?r=site%2Fsignup'
    'HTTP_ACCEPT_ENCODING' => 'gzip, deflate, br'
    'HTTP_ACCEPT_LANGUAGE' => 'en-US,en;q=0.8'
    'HTTP_COOKIE' => '_identity=73f1c3ab5c9127f643eaa2181997e4de6acf4cd92a27cc1d0fd6e1f47f75b8d8a%3A2%3A%7Bi%3A0%3Bs%3A9%3A%22_identity%22%3Bi%3A1%3Bs%3A21%3A%22%5B1%2C%221233334%22%2C2592000%5D%22%3B%7D; advanced-backend=j23h4k14hn7aihbuo1ot07hip6; _csrf-backend=ebff05376ccdb6c9ca85aa37e0721e4cdc160afed18f289675bd0f4c4a2b475ba%3A2%3A%7Bi%3A0%3Bs%3A13%3A%22_csrf-backend%22%3Bi%3A1%3Bs%3A32%3A%22MSvvHN2IRYlf0QZb9JCslm-AIcLzxm9H%22%3B%7D; PHPSESSID=jngj5m3i09r5voh6c7tgh3fmv1; _csrf=401cf76e3b3ce6b5eeaa6a3854869c1794908d7dc046067c3cde047cf2203c5da%3A2%3A%7Bi%3A0%3Bs%3A5%3A%22_csrf%22%3Bi%3A1%3Bs%3A32%3A%22BuMqPsWyLk5VVJfSk2L9YxMtNMyloe2y%22%3B%7D; advanced-frontend=bptgttkglpbh8tpdjhma5vkgh6; _csrf-frontend=cfcd66924280acd4a670735e7288e94ccf3d63de29d5006f38aa61dbe4ee2ecca%3A2%3A%7Bi%3A0%3Bs%3A14%3A%22_csrf-frontend%22%3Bi%3A1%3Bs%3A32%3A%220tNHrsVdECYujlSEI_PPNTTBlDK8J4aU%22%3B%7D'
    'PATH' => 'C:\\Program Files (x86)\\PC Connectivity Solution\\;C:\\ProgramData\\Oracle\\Java\\javapath;C:\\Oracle\\product\\11.2.0\\dbhome_1\\bin;D:\\Program Files (x86)\\Intel\\iCLS Client\\;C:\\Program Files\\Intel\\iCLS Client\\;C:\\Windows\\system32;C:\\Windows;C:\\Windows\\System32\\Wbem;C:\\Windows\\System32\\WindowsPowerShell\\v1.0\\;C:\\Program Files\\Intel\\Intel(R) Management Engine Components\\DAL;C:\\Program Files\\Intel\\Intel(R) Management Engine Components\\IPT;C:\\Program Files (x86)\\Intel\\Intel(R) Management Engine Components\\DAL;C:\\Program Files (x86)\\Intel\\Intel(R) Management Engine Components\\IPT;C:\\Program Files\\Microsoft\\Web Platform Installer\\;C:\\Program Files (x86)\\Microsoft ASP.NET\\ASP.NET Web Pages\\v1.0\\;C:\\Program Files (x86)\\Windows Kits\\8.0\\Windows Performance Toolkit\\;C:\\Program Files\\Microsoft SQL Server\\110\\Tools\\Binn\\;C:\\Program Files\\nodejs\\;C:\\wamp\\bin\\php\\php5.5.12;C:\\Program Files\\cURL\\bin;C:\\Program Files\\Java\\jre7\\bin;C:\\Program Files\\Java\\jdk1.7.0_25\\bin;C:\\Users\\Mushahid\\AppData\\Roaming\\npm\\node_modules;C:\\Users\\Mushahid\\AppData\\Roaming\\npm;C:\\Program Files\\nodejs\\node_modules\\npm\\bin;C:\\Program Files (x86)\\Microsoft SQL Server\\110\\Tools\\Binn\\ManagementStudio\\;C:\\Program Files (x86)\\Microsoft SQL Server\\110\\Tools\\Binn\\;C:\\Program Files (x86)\\Microsoft Visual Studio 11.0\\Common7\\IDE\\PrivateAssemblies\\;C:\\Program Files (x86)\\Microsoft SQL Server\\110\\DTS\\Binn\\;C:\\Program Files\\Microsoft SQL Server\\120\\DTS\\Binn\\;C:\\Program Files\\Microsoft SQL Server\\Client SDK\\ODBC\\110\\Tools\\Binn\\;C:\\Program Files (x86)\\Microsoft SQL Server\\120\\Tools\\Binn\\;C:\\Program Files\\Microsoft SQL Server\\120\\Tools\\Binn\\;C:\\Program Files (x86)\\Microsoft SQL Server\\120\\Tools\\Binn\\ManagementStudio\\;C:\\Program Files (x86)\\Microsoft SQL Server\\120\\DTS\\Binn\\;C:\\ProgramData\\ComposerSetup\\bin;C:\\Program Files\\MATLAB\\MATLAB Production Server\\R2015a\\bin;D:\\JM\\bin;C:\\MinGW\\bin;C:\\Qt\\5.5\\msvc2012\\bin;C:\\MinGW\\bin;D:\\Program Files\\ffmpeg\\bin;C:\\Program Files\\MiKTeX 2.9\\miktex\\bin\\x64\\;C:\\Program Files (x86)\\MySQL\\MySQL Server 5.5\\bin;C:\\Program Files (x86)\\Microsoft;C:\\Program Files (x86)\\Microsoft SQL Server Migration Assistant for MySQL\\bin\\;C:\\HashiCorp\\Vagrant\\bin;C:\\Program Files (x86)\\Skype\\Phone\\'
    'SystemRoot' => 'C:\\Windows'
    'COMSPEC' => 'C:\\Windows\\system32\\cmd.exe'
    'PATHEXT' => '.COM;.EXE;.BAT;.CMD;.VBS;.VBE;.JS;.JSE;.WSF;.WSH;.MSC'
    'WINDIR' => 'C:\\Windows'
    'SERVER_SIGNATURE' => '<address>Apache/2.4.9 (Win64) PHP/5.5.12 Server at localhost Port 8080</address>
'
    'SERVER_SOFTWARE' => 'Apache/2.4.9 (Win64) PHP/5.5.12'
    'SERVER_NAME' => 'localhost'
    'SERVER_ADDR' => '::1'
    'SERVER_PORT' => '8080'
    'REMOTE_ADDR' => '::1'
    'DOCUMENT_ROOT' => 'C:/wamp/www/'
    'REQUEST_SCHEME' => 'http'
    'CONTEXT_PREFIX' => ''
    'CONTEXT_DOCUMENT_ROOT' => 'C:/wamp/www/'
    'SERVER_ADMIN' => 'admin@example.com'
    'SCRIPT_FILENAME' => 'C:/wamp/www/repair/frontend/web/index.php'
    'REMOTE_PORT' => '2113'
    'GATEWAY_INTERFACE' => 'CGI/1.1'
    'SERVER_PROTOCOL' => 'HTTP/1.1'
    'REQUEST_METHOD' => 'POST'
    'QUERY_STRING' => 'r=site%2Fsignup'
    'REQUEST_URI' => '/repair/frontend/web/index.php?r=site%2Fsignup'
    'SCRIPT_NAME' => '/repair/frontend/web/index.php'
    'PHP_SELF' => '/repair/frontend/web/index.php'
    'REQUEST_TIME_FLOAT' => 1488776765.634
    'REQUEST_TIME' => 1488776765
]
2017-03-06 06:09:11 [::1][-][bptgttkglpbh8tpdjhma5vkgh6][error][yii\base\InvalidParamException] exception 'yii\base\InvalidParamException' with message 'Response content must be a string or an object implementing __toString().' in C:\wamp\www\repair\vendor\yiisoft\yii2\web\Response.php:1025
Stack trace:
#0 C:\wamp\www\repair\vendor\yiisoft\yii2\web\Response.php(313): yii\web\Response->prepare()
#1 C:\wamp\www\repair\vendor\yiisoft\yii2\base\Application.php(386): yii\web\Response->send()
#2 C:\wamp\www\repair\frontend\web\index.php(17): yii\base\Application->run()
#3 {main}
2017-03-06 06:09:10 [::1][-][bptgttkglpbh8tpdjhma5vkgh6][info][application] $_GET = [
    'r' => 'site/signup'
]

$_POST = [
    '_csrf-frontend' => 'NS50MW9SQjkFWjp5HSEUXXBtLUQFPhF8fHEkYSEGFntZaj8JJWYjbA=='
    'SignupForm' => [
        'username' => 'mushahidh224'
        'email' => 'mushahidh224@gmail.com'
        'password' => 'mianwali'
    ]
    'signup-button' => ''
]

$_COOKIE = [
    '_identity' => '73f1c3ab5c9127f643eaa2181997e4de6acf4cd92a27cc1d0fd6e1f47f75b8d8a:2:{i:0;s:9:\"_identity\";i:1;s:21:\"[1,\"1233334\",2592000]\";}'
    'advanced-backend' => 'j23h4k14hn7aihbuo1ot07hip6'
    '_csrf-backend' => 'ebff05376ccdb6c9ca85aa37e0721e4cdc160afed18f289675bd0f4c4a2b475ba:2:{i:0;s:13:\"_csrf-backend\";i:1;s:32:\"MSvvHN2IRYlf0QZb9JCslm-AIcLzxm9H\";}'
    'PHPSESSID' => 'jngj5m3i09r5voh6c7tgh3fmv1'
    '_csrf' => '401cf76e3b3ce6b5eeaa6a3854869c1794908d7dc046067c3cde047cf2203c5da:2:{i:0;s:5:\"_csrf\";i:1;s:32:\"BuMqPsWyLk5VVJfSk2L9YxMtNMyloe2y\";}'
    'advanced-frontend' => 'bptgttkglpbh8tpdjhma5vkgh6'
    '_csrf-frontend' => 'cfcd66924280acd4a670735e7288e94ccf3d63de29d5006f38aa61dbe4ee2ecca:2:{i:0;s:14:\"_csrf-frontend\";i:1;s:32:\"0tNHrsVdECYujlSEI_PPNTTBlDK8J4aU\";}'
]

$_SESSION = [
    '__flash' => []
]

$_SERVER = [
    'HTTP_HOST' => 'localhost:8080'
    'HTTP_CONNECTION' => 'keep-alive'
    'CONTENT_LENGTH' => '209'
    'HTTP_CACHE_CONTROL' => 'max-age=0'
    'HTTP_ORIGIN' => 'http://localhost:8080'
    'HTTP_UPGRADE_INSECURE_REQUESTS' => '1'
    'HTTP_USER_AGENT' => 'Mozilla/5.0 (Windows NT 6.3; WOW64) AppleWebKit/537.36 (KHTML, like Gecko) Chrome/56.0.2924.87 Safari/537.36'
    'CONTENT_TYPE' => 'application/x-www-form-urlencoded'
    'HTTP_ACCEPT' => 'text/html,application/xhtml+xml,application/xml;q=0.9,image/webp,*/*;q=0.8'
    'HTTP_REFERER' => 'http://localhost:8080/repair/frontend/web/index.php?r=site%2Fsignup'
    'HTTP_ACCEPT_ENCODING' => 'gzip, deflate, br'
    'HTTP_ACCEPT_LANGUAGE' => 'en-US,en;q=0.8'
    'HTTP_COOKIE' => '_identity=73f1c3ab5c9127f643eaa2181997e4de6acf4cd92a27cc1d0fd6e1f47f75b8d8a%3A2%3A%7Bi%3A0%3Bs%3A9%3A%22_identity%22%3Bi%3A1%3Bs%3A21%3A%22%5B1%2C%221233334%22%2C2592000%5D%22%3B%7D; advanced-backend=j23h4k14hn7aihbuo1ot07hip6; _csrf-backend=ebff05376ccdb6c9ca85aa37e0721e4cdc160afed18f289675bd0f4c4a2b475ba%3A2%3A%7Bi%3A0%3Bs%3A13%3A%22_csrf-backend%22%3Bi%3A1%3Bs%3A32%3A%22MSvvHN2IRYlf0QZb9JCslm-AIcLzxm9H%22%3B%7D; PHPSESSID=jngj5m3i09r5voh6c7tgh3fmv1; _csrf=401cf76e3b3ce6b5eeaa6a3854869c1794908d7dc046067c3cde047cf2203c5da%3A2%3A%7Bi%3A0%3Bs%3A5%3A%22_csrf%22%3Bi%3A1%3Bs%3A32%3A%22BuMqPsWyLk5VVJfSk2L9YxMtNMyloe2y%22%3B%7D; advanced-frontend=bptgttkglpbh8tpdjhma5vkgh6; _csrf-frontend=cfcd66924280acd4a670735e7288e94ccf3d63de29d5006f38aa61dbe4ee2ecca%3A2%3A%7Bi%3A0%3Bs%3A14%3A%22_csrf-frontend%22%3Bi%3A1%3Bs%3A32%3A%220tNHrsVdECYujlSEI_PPNTTBlDK8J4aU%22%3B%7D'
    'PATH' => 'C:\\Program Files (x86)\\PC Connectivity Solution\\;C:\\ProgramData\\Oracle\\Java\\javapath;C:\\Oracle\\product\\11.2.0\\dbhome_1\\bin;D:\\Program Files (x86)\\Intel\\iCLS Client\\;C:\\Program Files\\Intel\\iCLS Client\\;C:\\Windows\\system32;C:\\Windows;C:\\Windows\\System32\\Wbem;C:\\Windows\\System32\\WindowsPowerShell\\v1.0\\;C:\\Program Files\\Intel\\Intel(R) Management Engine Components\\DAL;C:\\Program Files\\Intel\\Intel(R) Management Engine Components\\IPT;C:\\Program Files (x86)\\Intel\\Intel(R) Management Engine Components\\DAL;C:\\Program Files (x86)\\Intel\\Intel(R) Management Engine Components\\IPT;C:\\Program Files\\Microsoft\\Web Platform Installer\\;C:\\Program Files (x86)\\Microsoft ASP.NET\\ASP.NET Web Pages\\v1.0\\;C:\\Program Files (x86)\\Windows Kits\\8.0\\Windows Performance Toolkit\\;C:\\Program Files\\Microsoft SQL Server\\110\\Tools\\Binn\\;C:\\Program Files\\nodejs\\;C:\\wamp\\bin\\php\\php5.5.12;C:\\Program Files\\cURL\\bin;C:\\Program Files\\Java\\jre7\\bin;C:\\Program Files\\Java\\jdk1.7.0_25\\bin;C:\\Users\\Mushahid\\AppData\\Roaming\\npm\\node_modules;C:\\Users\\Mushahid\\AppData\\Roaming\\npm;C:\\Program Files\\nodejs\\node_modules\\npm\\bin;C:\\Program Files (x86)\\Microsoft SQL Server\\110\\Tools\\Binn\\ManagementStudio\\;C:\\Program Files (x86)\\Microsoft SQL Server\\110\\Tools\\Binn\\;C:\\Program Files (x86)\\Microsoft Visual Studio 11.0\\Common7\\IDE\\PrivateAssemblies\\;C:\\Program Files (x86)\\Microsoft SQL Server\\110\\DTS\\Binn\\;C:\\Program Files\\Microsoft SQL Server\\120\\DTS\\Binn\\;C:\\Program Files\\Microsoft SQL Server\\Client SDK\\ODBC\\110\\Tools\\Binn\\;C:\\Program Files (x86)\\Microsoft SQL Server\\120\\Tools\\Binn\\;C:\\Program Files\\Microsoft SQL Server\\120\\Tools\\Binn\\;C:\\Program Files (x86)\\Microsoft SQL Server\\120\\Tools\\Binn\\ManagementStudio\\;C:\\Program Files (x86)\\Microsoft SQL Server\\120\\DTS\\Binn\\;C:\\ProgramData\\ComposerSetup\\bin;C:\\Program Files\\MATLAB\\MATLAB Production Server\\R2015a\\bin;D:\\JM\\bin;C:\\MinGW\\bin;C:\\Qt\\5.5\\msvc2012\\bin;C:\\MinGW\\bin;D:\\Program Files\\ffmpeg\\bin;C:\\Program Files\\MiKTeX 2.9\\miktex\\bin\\x64\\;C:\\Program Files (x86)\\MySQL\\MySQL Server 5.5\\bin;C:\\Program Files (x86)\\Microsoft;C:\\Program Files (x86)\\Microsoft SQL Server Migration Assistant for MySQL\\bin\\;C:\\HashiCorp\\Vagrant\\bin;C:\\Program Files (x86)\\Skype\\Phone\\'
    'SystemRoot' => 'C:\\Windows'
    'COMSPEC' => 'C:\\Windows\\system32\\cmd.exe'
    'PATHEXT' => '.COM;.EXE;.BAT;.CMD;.VBS;.VBE;.JS;.JSE;.WSF;.WSH;.MSC'
    'WINDIR' => 'C:\\Windows'
    'SERVER_SIGNATURE' => '<address>Apache/2.4.9 (Win64) PHP/5.5.12 Server at localhost Port 8080</address>
'
    'SERVER_SOFTWARE' => 'Apache/2.4.9 (Win64) PHP/5.5.12'
    'SERVER_NAME' => 'localhost'
    'SERVER_ADDR' => '::1'
    'SERVER_PORT' => '8080'
    'REMOTE_ADDR' => '::1'
    'DOCUMENT_ROOT' => 'C:/wamp/www/'
    'REQUEST_SCHEME' => 'http'
    'CONTEXT_PREFIX' => ''
    'CONTEXT_DOCUMENT_ROOT' => 'C:/wamp/www/'
    'SERVER_ADMIN' => 'admin@example.com'
    'SCRIPT_FILENAME' => 'C:/wamp/www/repair/frontend/web/index.php'
    'REMOTE_PORT' => '2141'
    'GATEWAY_INTERFACE' => 'CGI/1.1'
    'SERVER_PROTOCOL' => 'HTTP/1.1'
    'REQUEST_METHOD' => 'POST'
    'QUERY_STRING' => 'r=site%2Fsignup'
    'REQUEST_URI' => '/repair/frontend/web/index.php?r=site%2Fsignup'
    'SCRIPT_NAME' => '/repair/frontend/web/index.php'
    'PHP_SELF' => '/repair/frontend/web/index.php'
    'REQUEST_TIME_FLOAT' => 1488776950.889
    'REQUEST_TIME' => 1488776950
]
2017-03-06 06:19:45 [::1][][e93f3fhj7ir3rmhvtrgp5fai94][error][yii\base\InvalidParamException] exception 'yii\base\InvalidParamException' with message 'Response content must be a string or an object implementing __toString().' in C:\wamp\www\repair\vendor\yiisoft\yii2\web\Response.php:1025
Stack trace:
#0 C:\wamp\www\repair\vendor\yiisoft\yii2\web\Response.php(313): yii\web\Response->prepare()
#1 C:\wamp\www\repair\vendor\yiisoft\yii2\base\Application.php(386): yii\web\Response->send()
#2 C:\wamp\www\repair\frontend\web\index.php(17): yii\base\Application->run()
#3 {main}
2017-03-06 06:19:44 [::1][][e93f3fhj7ir3rmhvtrgp5fai94][info][application] $_GET = [
    'r' => 'site/signup'
]

$_POST = [
    '_csrf-frontend' => 'MlBqbDltS3kCJCQkSx4dHXcTMxlTARg8ew86PHc5HzteFCFUc1kqLA=='
    'SignupForm' => [
        'username' => 'mushahidh'
        'email' => 'mushahidh224@gmail.com'
        'password' => 'mianwali'
    ]
    'signup-button' => ''
]

$_COOKIE = [
    '_identity' => '73f1c3ab5c9127f643eaa2181997e4de6acf4cd92a27cc1d0fd6e1f47f75b8d8a:2:{i:0;s:9:\"_identity\";i:1;s:21:\"[1,\"1233334\",2592000]\";}'
    'advanced-backend' => 'j23h4k14hn7aihbuo1ot07hip6'
    '_csrf-backend' => 'ebff05376ccdb6c9ca85aa37e0721e4cdc160afed18f289675bd0f4c4a2b475ba:2:{i:0;s:13:\"_csrf-backend\";i:1;s:32:\"MSvvHN2IRYlf0QZb9JCslm-AIcLzxm9H\";}'
    'PHPSESSID' => 'jngj5m3i09r5voh6c7tgh3fmv1'
    '_csrf' => '401cf76e3b3ce6b5eeaa6a3854869c1794908d7dc046067c3cde047cf2203c5da:2:{i:0;s:5:\"_csrf\";i:1;s:32:\"BuMqPsWyLk5VVJfSk2L9YxMtNMyloe2y\";}'
    '_csrf-frontend' => 'cfcd66924280acd4a670735e7288e94ccf3d63de29d5006f38aa61dbe4ee2ecca:2:{i:0;s:14:\"_csrf-frontend\";i:1;s:32:\"0tNHrsVdECYujlSEI_PPNTTBlDK8J4aU\";}'
    'advanced-frontend' => 'g0se4t4sf6jtcihmg5cjsminl2'
]

$_SESSION = [
    '__flash' => []
    '__id' => null
]

$_SERVER = [
    'HTTP_HOST' => 'localhost:8080'
    'HTTP_CONNECTION' => 'keep-alive'
    'CONTENT_LENGTH' => '206'
    'HTTP_CACHE_CONTROL' => 'max-age=0'
    'HTTP_ORIGIN' => 'http://localhost:8080'
    'HTTP_UPGRADE_INSECURE_REQUESTS' => '1'
    'HTTP_USER_AGENT' => 'Mozilla/5.0 (Windows NT 6.3; WOW64) AppleWebKit/537.36 (KHTML, like Gecko) Chrome/56.0.2924.87 Safari/537.36'
    'CONTENT_TYPE' => 'application/x-www-form-urlencoded'
    'HTTP_ACCEPT' => 'text/html,application/xhtml+xml,application/xml;q=0.9,image/webp,*/*;q=0.8'
    'HTTP_REFERER' => 'http://localhost:8080/repair/frontend/web/index.php?r=site%2Fsignup'
    'HTTP_ACCEPT_ENCODING' => 'gzip, deflate, br'
    'HTTP_ACCEPT_LANGUAGE' => 'en-US,en;q=0.8'
    'HTTP_COOKIE' => '_identity=73f1c3ab5c9127f643eaa2181997e4de6acf4cd92a27cc1d0fd6e1f47f75b8d8a%3A2%3A%7Bi%3A0%3Bs%3A9%3A%22_identity%22%3Bi%3A1%3Bs%3A21%3A%22%5B1%2C%221233334%22%2C2592000%5D%22%3B%7D; advanced-backend=j23h4k14hn7aihbuo1ot07hip6; _csrf-backend=ebff05376ccdb6c9ca85aa37e0721e4cdc160afed18f289675bd0f4c4a2b475ba%3A2%3A%7Bi%3A0%3Bs%3A13%3A%22_csrf-backend%22%3Bi%3A1%3Bs%3A32%3A%22MSvvHN2IRYlf0QZb9JCslm-AIcLzxm9H%22%3B%7D; PHPSESSID=jngj5m3i09r5voh6c7tgh3fmv1; _csrf=401cf76e3b3ce6b5eeaa6a3854869c1794908d7dc046067c3cde047cf2203c5da%3A2%3A%7Bi%3A0%3Bs%3A5%3A%22_csrf%22%3Bi%3A1%3Bs%3A32%3A%22BuMqPsWyLk5VVJfSk2L9YxMtNMyloe2y%22%3B%7D; _csrf-frontend=cfcd66924280acd4a670735e7288e94ccf3d63de29d5006f38aa61dbe4ee2ecca%3A2%3A%7Bi%3A0%3Bs%3A14%3A%22_csrf-frontend%22%3Bi%3A1%3Bs%3A32%3A%220tNHrsVdECYujlSEI_PPNTTBlDK8J4aU%22%3B%7D; advanced-frontend=g0se4t4sf6jtcihmg5cjsminl2'
    'PATH' => 'C:\\Program Files (x86)\\PC Connectivity Solution\\;C:\\ProgramData\\Oracle\\Java\\javapath;C:\\Oracle\\product\\11.2.0\\dbhome_1\\bin;D:\\Program Files (x86)\\Intel\\iCLS Client\\;C:\\Program Files\\Intel\\iCLS Client\\;C:\\Windows\\system32;C:\\Windows;C:\\Windows\\System32\\Wbem;C:\\Windows\\System32\\WindowsPowerShell\\v1.0\\;C:\\Program Files\\Intel\\Intel(R) Management Engine Components\\DAL;C:\\Program Files\\Intel\\Intel(R) Management Engine Components\\IPT;C:\\Program Files (x86)\\Intel\\Intel(R) Management Engine Components\\DAL;C:\\Program Files (x86)\\Intel\\Intel(R) Management Engine Components\\IPT;C:\\Program Files\\Microsoft\\Web Platform Installer\\;C:\\Program Files (x86)\\Microsoft ASP.NET\\ASP.NET Web Pages\\v1.0\\;C:\\Program Files (x86)\\Windows Kits\\8.0\\Windows Performance Toolkit\\;C:\\Program Files\\Microsoft SQL Server\\110\\Tools\\Binn\\;C:\\Program Files\\nodejs\\;C:\\wamp\\bin\\php\\php5.5.12;C:\\Program Files\\cURL\\bin;C:\\Program Files\\Java\\jre7\\bin;C:\\Program Files\\Java\\jdk1.7.0_25\\bin;C:\\Users\\Mushahid\\AppData\\Roaming\\npm\\node_modules;C:\\Users\\Mushahid\\AppData\\Roaming\\npm;C:\\Program Files\\nodejs\\node_modules\\npm\\bin;C:\\Program Files (x86)\\Microsoft SQL Server\\110\\Tools\\Binn\\ManagementStudio\\;C:\\Program Files (x86)\\Microsoft SQL Server\\110\\Tools\\Binn\\;C:\\Program Files (x86)\\Microsoft Visual Studio 11.0\\Common7\\IDE\\PrivateAssemblies\\;C:\\Program Files (x86)\\Microsoft SQL Server\\110\\DTS\\Binn\\;C:\\Program Files\\Microsoft SQL Server\\120\\DTS\\Binn\\;C:\\Program Files\\Microsoft SQL Server\\Client SDK\\ODBC\\110\\Tools\\Binn\\;C:\\Program Files (x86)\\Microsoft SQL Server\\120\\Tools\\Binn\\;C:\\Program Files\\Microsoft SQL Server\\120\\Tools\\Binn\\;C:\\Program Files (x86)\\Microsoft SQL Server\\120\\Tools\\Binn\\ManagementStudio\\;C:\\Program Files (x86)\\Microsoft SQL Server\\120\\DTS\\Binn\\;C:\\ProgramData\\ComposerSetup\\bin;C:\\Program Files\\MATLAB\\MATLAB Production Server\\R2015a\\bin;D:\\JM\\bin;C:\\MinGW\\bin;C:\\Qt\\5.5\\msvc2012\\bin;C:\\MinGW\\bin;D:\\Program Files\\ffmpeg\\bin;C:\\Program Files\\MiKTeX 2.9\\miktex\\bin\\x64\\;C:\\Program Files (x86)\\MySQL\\MySQL Server 5.5\\bin;C:\\Program Files (x86)\\Microsoft;C:\\Program Files (x86)\\Microsoft SQL Server Migration Assistant for MySQL\\bin\\;C:\\HashiCorp\\Vagrant\\bin;C:\\Program Files (x86)\\Skype\\Phone\\'
    'SystemRoot' => 'C:\\Windows'
    'COMSPEC' => 'C:\\Windows\\system32\\cmd.exe'
    'PATHEXT' => '.COM;.EXE;.BAT;.CMD;.VBS;.VBE;.JS;.JSE;.WSF;.WSH;.MSC'
    'WINDIR' => 'C:\\Windows'
    'SERVER_SIGNATURE' => '<address>Apache/2.4.9 (Win64) PHP/5.5.12 Server at localhost Port 8080</address>
'
    'SERVER_SOFTWARE' => 'Apache/2.4.9 (Win64) PHP/5.5.12'
    'SERVER_NAME' => 'localhost'
    'SERVER_ADDR' => '::1'
    'SERVER_PORT' => '8080'
    'REMOTE_ADDR' => '::1'
    'DOCUMENT_ROOT' => 'C:/wamp/www/'
    'REQUEST_SCHEME' => 'http'
    'CONTEXT_PREFIX' => ''
    'CONTEXT_DOCUMENT_ROOT' => 'C:/wamp/www/'
    'SERVER_ADMIN' => 'admin@example.com'
    'SCRIPT_FILENAME' => 'C:/wamp/www/repair/frontend/web/index.php'
    'REMOTE_PORT' => '2229'
    'GATEWAY_INTERFACE' => 'CGI/1.1'
    'SERVER_PROTOCOL' => 'HTTP/1.1'
    'REQUEST_METHOD' => 'POST'
    'QUERY_STRING' => 'r=site%2Fsignup'
    'REQUEST_URI' => '/repair/frontend/web/index.php?r=site%2Fsignup'
    'SCRIPT_NAME' => '/repair/frontend/web/index.php'
    'PHP_SELF' => '/repair/frontend/web/index.php'
    'REQUEST_TIME_FLOAT' => 1488777584.005
    'REQUEST_TIME' => 1488777584
]
2017-03-06 06:54:43 [::1][-][85u3o33nhuf8h6a3n8crc08h74][error][yii\db\Exception] exception 'PDOException' with message 'SQLSTATE[HY000] [2002] No connection could be made because the target machine actively refused it.
' in C:\wamp\www\repair\vendor\yiisoft\yii2\db\Connection.php:630
Stack trace:
#0 C:\wamp\www\repair\vendor\yiisoft\yii2\db\Connection.php(630): PDO->__construct('mysql:host=loca...', 'root', '', NULL)
#1 C:\wamp\www\repair\vendor\yiisoft\yii2\db\Connection.php(563): yii\db\Connection->createPdoInstance()
#2 C:\wamp\www\repair\vendor\yiisoft\yii2\db\Connection.php(896): yii\db\Connection->open()
#3 C:\wamp\www\repair\vendor\yiisoft\yii2\db\Connection.php(883): yii\db\Connection->getMasterPdo()
#4 C:\wamp\www\repair\vendor\yiisoft\yii2\db\Schema.php(483): yii\db\Connection->getSlavePdo()
#5 C:\wamp\www\repair\vendor\yiisoft\yii2\db\Connection.php(792): yii\db\Schema->quoteValue('<span class="st...')
#6 C:\wamp\www\repair\vendor\yiisoft\yii2\db\Command.php(175): yii\db\Connection->quoteValue('<span class="st...')
#7 C:\wamp\www\repair\vendor\yiisoft\yii2\db\Command.php(871): yii\db\Command->getRawSql()
#8 C:\wamp\www\repair\vendor\yiisoft\yii2\db\Command.php(376): yii\db\Command->queryInternal('<span class="st...', '<span class="ke...')
#9 C:\wamp\www\repair\vendor\yiisoft\yii2\db\Query.php(253): yii\db\Command->queryOne()
#10 C:\wamp\www\repair\vendor\yiisoft\yii2\db\ActiveQuery.php(295): yii\db\Query->one('<span class="ke...')
#11 C:\wamp\www\repair\vendor\yiisoft\yii2\db\BaseActiveRecord.php(107): yii\db\ActiveQuery->one()
#12 C:\wamp\www\repair\common\models\User.php(88): yii\db\BaseActiveRecord::findOne('[<span class="s...')
#13 C:\wamp\www\repair\vendor\yiisoft\yii2\web\User.php(657): common\models\User::findIdentity('<span class="st...')
#14 C:\wamp\www\repair\vendor\yiisoft\yii2\web\User.php(188): yii\web\User->renewAuthStatus()
#15 C:\wamp\www\repair\vendor\yiisoft\yii2\web\User.php(333): yii\web\User->getIdentity()
#16 C:\wamp\www\repair\vendor\yiisoft\yii2\base\Component.php(132): yii\web\User->getIsGuest()
#17 C:\wamp\www\repair\frontend\views\layouts\main.php(42): yii\base\Component->__get('<span class="st...')
#18 C:\wamp\www\repair\vendor\yiisoft\yii2\base\View.php(328): require('C:\\wamp\\www\\rep...')
#19 C:\wamp\www\repair\vendor\yiisoft\yii2\base\View.php(250): yii\base\View->renderPhpFile('<span class="st...', '[<span class="s...')
#20 C:\wamp\www\repair\vendor\yiisoft\yii2\base\Controller.php(396): yii\base\View->renderFile('<span class="st...', '[<span class="s...', Object(frontend\controllers\SiteController))
#21 C:\wamp\www\repair\vendor\yiisoft\yii2\base\Controller.php(382): yii\base\Controller->renderContent('<span class="st...')
#22 C:\wamp\www\repair\frontend\controllers\SiteController.php(141): yii\base\Controller->render('<span class="st...')
#23 [internal function]: frontend\controllers\SiteController->actionAbout()
#24 C:\wamp\www\repair\vendor\yiisoft\yii2\base\InlineAction.php(57): call_user_func_array('[<span class="t...', '[]')
#25 C:\wamp\www\repair\vendor\yiisoft\yii2\base\Controller.php(156): yii\base\InlineAction->runWithParams('[<span class="s...')
#26 C:\wamp\www\repair\vendor\yiisoft\yii2\base\Module.php(523): yii\base\Controller->runAction('<span class="st...', '[<span class="s...')
#27 C:\wamp\www\repair\vendor\yiisoft\yii2\web\Application.php(102): yii\base\Module->runAction('<span class="st...', '[<span class="s...')
#28 C:\wamp\www\repair\vendor\yiisoft\yii2\base\Application.php(380): yii\web\Application->handleRequest(Object(yii\web\Request))
#29 C:\wamp\www\repair\frontend\web\index.php(17): yii\base\Application->run()
#30 {main}

Next exception 'yii\db\Exception' with message 'SQLSTATE[HY000] [2002] No connection could be made because the target machine actively refused it.
' in C:\wamp\www\repair\vendor\yiisoft\yii2\db\Connection.php:568
Stack trace:
#0 C:\wamp\www\repair\vendor\yiisoft\yii2\db\Connection.php(896): yii\db\Connection->open()
#1 C:\wamp\www\repair\vendor\yiisoft\yii2\db\Connection.php(883): yii\db\Connection->getMasterPdo()
#2 C:\wamp\www\repair\vendor\yiisoft\yii2\db\Schema.php(483): yii\db\Connection->getSlavePdo()
#3 C:\wamp\www\repair\vendor\yiisoft\yii2\db\Connection.php(792): yii\db\Schema->quoteValue('<span class="st...')
#4 C:\wamp\www\repair\vendor\yiisoft\yii2\db\Command.php(175): yii\db\Connection->quoteValue('<span class="st...')
#5 C:\wamp\www\repair\vendor\yiisoft\yii2\db\Command.php(871): yii\db\Command->getRawSql()
#6 C:\wamp\www\repair\vendor\yiisoft\yii2\db\Command.php(376): yii\db\Command->queryInternal('<span class="st...', '<span class="ke...')
#7 C:\wamp\www\repair\vendor\yiisoft\yii2\db\Query.php(253): yii\db\Command->queryOne()
#8 C:\wamp\www\repair\vendor\yiisoft\yii2\db\ActiveQuery.php(295): yii\db\Query->one('<span class="ke...')
#9 C:\wamp\www\repair\vendor\yiisoft\yii2\db\BaseActiveRecord.php(107): yii\db\ActiveQuery->one()
#10 C:\wamp\www\repair\common\models\User.php(88): yii\db\BaseActiveRecord::findOne('[<span class="s...')
#11 C:\wamp\www\repair\vendor\yiisoft\yii2\web\User.php(657): common\models\User::findIdentity('<span class="st...')
#12 C:\wamp\www\repair\vendor\yiisoft\yii2\web\User.php(188): yii\web\User->renewAuthStatus()
#13 C:\wamp\www\repair\vendor\yiisoft\yii2\web\User.php(333): yii\web\User->getIdentity()
#14 C:\wamp\www\repair\vendor\yiisoft\yii2\base\Component.php(132): yii\web\User->getIsGuest()
#15 C:\wamp\www\repair\frontend\views\layouts\main.php(42): yii\base\Component->__get('<span class="st...')
#16 C:\wamp\www\repair\vendor\yiisoft\yii2\base\View.php(328): require('C:\\wamp\\www\\rep...')
#17 C:\wamp\www\repair\vendor\yiisoft\yii2\base\View.php(250): yii\base\View->renderPhpFile('<span class="st...', '[<span class="s...')
#18 C:\wamp\www\repair\vendor\yiisoft\yii2\base\Controller.php(396): yii\base\View->renderFile('<span class="st...', '[<span class="s...', Object(frontend\controllers\SiteController))
#19 C:\wamp\www\repair\vendor\yiisoft\yii2\base\Controller.php(382): yii\base\Controller->renderContent('<span class="st...')
#20 C:\wamp\www\repair\frontend\controllers\SiteController.php(141): yii\base\Controller->render('<span class="st...')
#21 [internal function]: frontend\controllers\SiteController->actionAbout()
#22 C:\wamp\www\repair\vendor\yiisoft\yii2\base\InlineAction.php(57): call_user_func_array('[<span class="t...', '[]')
#23 C:\wamp\www\repair\vendor\yiisoft\yii2\base\Controller.php(156): yii\base\InlineAction->runWithParams('[<span class="s...')
#24 C:\wamp\www\repair\vendor\yiisoft\yii2\base\Module.php(523): yii\base\Controller->runAction('<span class="st...', '[<span class="s...')
#25 C:\wamp\www\repair\vendor\yiisoft\yii2\web\Application.php(102): yii\base\Module->runAction('<span class="st...', '[<span class="s...')
#26 C:\wamp\www\repair\vendor\yiisoft\yii2\base\Application.php(380): yii\web\Application->handleRequest(Object(yii\web\Request))
#27 C:\wamp\www\repair\frontend\web\index.php(17): yii\base\Application->run()
#28 {main}
Additional Information:

2017-03-06 06:54:41 [::1][-][85u3o33nhuf8h6a3n8crc08h74][info][application] $_GET = [
    'r' => 'site/about'
]

$_COOKIE = [
    'advanced-backend' => 'j23h4k14hn7aihbuo1ot07hip6'
    '_csrf-backend' => 'ebff05376ccdb6c9ca85aa37e0721e4cdc160afed18f289675bd0f4c4a2b475ba:2:{i:0;s:13:\"_csrf-backend\";i:1;s:32:\"MSvvHN2IRYlf0QZb9JCslm-AIcLzxm9H\";}'
    '_csrf' => '401cf76e3b3ce6b5eeaa6a3854869c1794908d7dc046067c3cde047cf2203c5da:2:{i:0;s:5:\"_csrf\";i:1;s:32:\"BuMqPsWyLk5VVJfSk2L9YxMtNMyloe2y\";}'
    '_csrf-frontend' => 'cfcd66924280acd4a670735e7288e94ccf3d63de29d5006f38aa61dbe4ee2ecca:2:{i:0;s:14:\"_csrf-frontend\";i:1;s:32:\"0tNHrsVdECYujlSEI_PPNTTBlDK8J4aU\";}'
    'advanced-frontend' => '85u3o33nhuf8h6a3n8crc08h74'
    'PHPSESSID' => '8luk5235qv2sromoetakl2e2l2'
    '_identity' => '67eb75bcbe8ffd9202c14f18296f8f5998f95ec9eaf6d3764aa6b8ca680c8719a:2:{i:0;s:9:\"_identity\";i:1;s:46:\"[1,\"ToKHuV-XPOikcT6jrSxKSSyH-W7KIH_A\",2592000]\";}'
]

$_SESSION = [
    '__flash' => []
    '__id' => '1'
]

$_SERVER = [
    'HTTP_HOST' => 'localhost:8080'
    'HTTP_CONNECTION' => 'keep-alive'
    'HTTP_CACHE_CONTROL' => 'max-age=0'
    'HTTP_UPGRADE_INSECURE_REQUESTS' => '1'
    'HTTP_USER_AGENT' => 'Mozilla/5.0 (Windows NT 6.3; WOW64) AppleWebKit/537.36 (KHTML, like Gecko) Chrome/56.0.2924.87 Safari/537.36'
    'HTTP_ACCEPT' => 'text/html,application/xhtml+xml,application/xml;q=0.9,image/webp,*/*;q=0.8'
    'HTTP_ACCEPT_ENCODING' => 'gzip, deflate, sdch, br'
    'HTTP_ACCEPT_LANGUAGE' => 'en-US,en;q=0.8'
    'HTTP_COOKIE' => 'advanced-backend=j23h4k14hn7aihbuo1ot07hip6; _csrf-backend=ebff05376ccdb6c9ca85aa37e0721e4cdc160afed18f289675bd0f4c4a2b475ba%3A2%3A%7Bi%3A0%3Bs%3A13%3A%22_csrf-backend%22%3Bi%3A1%3Bs%3A32%3A%22MSvvHN2IRYlf0QZb9JCslm-AIcLzxm9H%22%3B%7D; _csrf=401cf76e3b3ce6b5eeaa6a3854869c1794908d7dc046067c3cde047cf2203c5da%3A2%3A%7Bi%3A0%3Bs%3A5%3A%22_csrf%22%3Bi%3A1%3Bs%3A32%3A%22BuMqPsWyLk5VVJfSk2L9YxMtNMyloe2y%22%3B%7D; _csrf-frontend=cfcd66924280acd4a670735e7288e94ccf3d63de29d5006f38aa61dbe4ee2ecca%3A2%3A%7Bi%3A0%3Bs%3A14%3A%22_csrf-frontend%22%3Bi%3A1%3Bs%3A32%3A%220tNHrsVdECYujlSEI_PPNTTBlDK8J4aU%22%3B%7D; advanced-frontend=85u3o33nhuf8h6a3n8crc08h74; PHPSESSID=8luk5235qv2sromoetakl2e2l2; _identity=67eb75bcbe8ffd9202c14f18296f8f5998f95ec9eaf6d3764aa6b8ca680c8719a%3A2%3A%7Bi%3A0%3Bs%3A9%3A%22_identity%22%3Bi%3A1%3Bs%3A46%3A%22%5B1%2C%22ToKHuV-XPOikcT6jrSxKSSyH-W7KIH_A%22%2C2592000%5D%22%3B%7D'
    'PATH' => 'C:\\Program Files (x86)\\PC Connectivity Solution\\;C:\\ProgramData\\Oracle\\Java\\javapath;C:\\Oracle\\product\\11.2.0\\dbhome_1\\bin;D:\\Program Files (x86)\\Intel\\iCLS Client\\;C:\\Program Files\\Intel\\iCLS Client\\;C:\\Windows\\system32;C:\\Windows;C:\\Windows\\System32\\Wbem;C:\\Windows\\System32\\WindowsPowerShell\\v1.0\\;C:\\Program Files\\Intel\\Intel(R) Management Engine Components\\DAL;C:\\Program Files\\Intel\\Intel(R) Management Engine Components\\IPT;C:\\Program Files (x86)\\Intel\\Intel(R) Management Engine Components\\DAL;C:\\Program Files (x86)\\Intel\\Intel(R) Management Engine Components\\IPT;C:\\Program Files\\Microsoft\\Web Platform Installer\\;C:\\Program Files (x86)\\Microsoft ASP.NET\\ASP.NET Web Pages\\v1.0\\;C:\\Program Files (x86)\\Windows Kits\\8.0\\Windows Performance Toolkit\\;C:\\Program Files\\Microsoft SQL Server\\110\\Tools\\Binn\\;C:\\Program Files\\nodejs\\;C:\\wamp\\bin\\php\\php5.5.12;C:\\Program Files\\cURL\\bin;C:\\Program Files\\Java\\jre7\\bin;C:\\Program Files\\Java\\jdk1.7.0_25\\bin;C:\\Users\\Mushahid\\AppData\\Roaming\\npm\\node_modules;C:\\Users\\Mushahid\\AppData\\Roaming\\npm;C:\\Program Files\\nodejs\\node_modules\\npm\\bin;C:\\Program Files (x86)\\Microsoft SQL Server\\110\\Tools\\Binn\\ManagementStudio\\;C:\\Program Files (x86)\\Microsoft SQL Server\\110\\Tools\\Binn\\;C:\\Program Files (x86)\\Microsoft Visual Studio 11.0\\Common7\\IDE\\PrivateAssemblies\\;C:\\Program Files (x86)\\Microsoft SQL Server\\110\\DTS\\Binn\\;C:\\Program Files\\Microsoft SQL Server\\120\\DTS\\Binn\\;C:\\Program Files\\Microsoft SQL Server\\Client SDK\\ODBC\\110\\Tools\\Binn\\;C:\\Program Files (x86)\\Microsoft SQL Server\\120\\Tools\\Binn\\;C:\\Program Files\\Microsoft SQL Server\\120\\Tools\\Binn\\;C:\\Program Files (x86)\\Microsoft SQL Server\\120\\Tools\\Binn\\ManagementStudio\\;C:\\Program Files (x86)\\Microsoft SQL Server\\120\\DTS\\Binn\\;C:\\ProgramData\\ComposerSetup\\bin;C:\\Program Files\\MATLAB\\MATLAB Production Server\\R2015a\\bin;D:\\JM\\bin;C:\\MinGW\\bin;C:\\Qt\\5.5\\msvc2012\\bin;C:\\MinGW\\bin;D:\\Program Files\\ffmpeg\\bin;C:\\Program Files\\MiKTeX 2.9\\miktex\\bin\\x64\\;C:\\Program Files (x86)\\MySQL\\MySQL Server 5.5\\bin;C:\\Program Files (x86)\\Microsoft;C:\\Program Files (x86)\\Microsoft SQL Server Migration Assistant for MySQL\\bin\\;C:\\HashiCorp\\Vagrant\\bin;C:\\Program Files (x86)\\Skype\\Phone\\'
    'SystemRoot' => 'C:\\Windows'
    'COMSPEC' => 'C:\\Windows\\system32\\cmd.exe'
    'PATHEXT' => '.COM;.EXE;.BAT;.CMD;.VBS;.VBE;.JS;.JSE;.WSF;.WSH;.MSC'
    'WINDIR' => 'C:\\Windows'
    'SERVER_SIGNATURE' => '<address>Apache/2.4.9 (Win64) PHP/5.5.12 Server at localhost Port 8080</address>
'
    'SERVER_SOFTWARE' => 'Apache/2.4.9 (Win64) PHP/5.5.12'
    'SERVER_NAME' => 'localhost'
    'SERVER_ADDR' => '::1'
    'SERVER_PORT' => '8080'
    'REMOTE_ADDR' => '::1'
    'DOCUMENT_ROOT' => 'C:/wamp/www/'
    'REQUEST_SCHEME' => 'http'
    'CONTEXT_PREFIX' => ''
    'CONTEXT_DOCUMENT_ROOT' => 'C:/wamp/www/'
    'SERVER_ADMIN' => 'admin@example.com'
    'SCRIPT_FILENAME' => 'C:/wamp/www/repair/frontend/web/index.php'
    'REMOTE_PORT' => '2453'
    'GATEWAY_INTERFACE' => 'CGI/1.1'
    'SERVER_PROTOCOL' => 'HTTP/1.1'
    'REQUEST_METHOD' => 'GET'
    'QUERY_STRING' => 'r=site%2Fabout'
    'REQUEST_URI' => '/repair/frontend/web/index.php?r=site%2Fabout'
    'SCRIPT_NAME' => '/repair/frontend/web/index.php'
    'PHP_SELF' => '/repair/frontend/web/index.php'
    'REQUEST_TIME_FLOAT' => 1488779681.536
    'REQUEST_TIME' => 1488779681
]
